This file contains any messages produced by compilers while
running configure, to aid debugging if configure makes a mistake.

It was created by siena configure 2.0.4, which was
generated by GNU Autoconf 2.69.  Invocation command line was

  $ ./configure 

## --------- ##
## Platform. ##
## --------- ##

hostname = pooja-Inspiron-3521
uname -m = x86_64
uname -r = 3.19.0-56-generic
uname -s = Linux
uname -v = #62-Ubuntu SMP Thu Mar 10 22:40:07 UTC 2016

/usr/bin/uname -p = unknown
/bin/uname -X     = unknown

/bin/arch              = unknown
/usr/bin/arch -k       = unknown
/usr/convex/getsysinfo = unknown
/usr/bin/hostinfo      = unknown
/bin/machine           = unknown
/usr/bin/oslevel       = unknown
/bin/universe          = unknown

PATH: /usr/local/sbin
PATH: /usr/local/bin
PATH: /usr/sbin
PATH: /usr/bin
PATH: /sbin
PATH: /bin
PATH: /usr/games
PATH: /usr/local/games


## ----------- ##
## Core tests. ##
## ----------- ##

configure:1684: checking whether make sets $(MAKE)
configure:1706: result: yes
configure:1732: checking for javac
configure:1750: found /usr/bin/javac
configure:1762: result: /usr/bin/javac
configure:1781: checking for java
configure:1799: found /usr/bin/java
configure:1811: result: /usr/bin/java
configure:1830: checking for javadoc
configure:1848: found /usr/bin/javadoc
configure:1860: result: /usr/bin/javadoc
configure:1879: checking for jar
configure:1897: found /usr/bin/jar
configure:1909: result: /usr/bin/jar
configure:2081: creating ./config.status

## ---------------------- ##
## Running config.status. ##
## ---------------------- ##

This file was extended by siena config.status 2.0.4, which was
generated by GNU Autoconf 2.69.  Invocation command line was

  CONFIG_FILES    = 
  CONFIG_HEADERS  = 
  CONFIG_LINKS    = 
  CONFIG_COMMANDS = 
  $ ./config.status 

on pooja-Inspiron-3521

config.status:720: creating Makefile
config.status:720: creating test/Makefile
config.status:720: creating test/config.sh

## ---------------- ##
## Cache variables. ##
## ---------------- ##

ac_cv_env_build_alias_set=
ac_cv_env_build_alias_value=
ac_cv_env_host_alias_set=
ac_cv_env_host_alias_value=
ac_cv_env_target_alias_set=
ac_cv_env_target_alias_value=
ac_cv_path_JAR=/usr/bin/jar
ac_cv_path_JAVA=/usr/bin/java
ac_cv_path_JAVAC=/usr/bin/javac
ac_cv_path_JAVADOC=/usr/bin/javadoc
ac_cv_prog_make_make_set=yes

## ----------------- ##
## Output variables. ##
## ----------------- ##

CLASSPATH=''
DEFS='-DPACKAGE_NAME=\"siena\" -DPACKAGE_TARNAME=\"siena\" -DPACKAGE_VERSION=\"2.0.4\" -DPACKAGE_STRING=\"siena\ 2.0.4\" -DPACKAGE_BUGREPORT=\"Antonio\ Carzaniga\ \(firstname.lastname@usi.ch\)\" -DPACKAGE_URL=\"\"'
ECHO_C=''
ECHO_N='-n'
ECHO_T=''
JAR='/usr/bin/jar'
JAVA='/usr/bin/java'
JAVAC='/usr/bin/javac'
JAVADOC='/usr/bin/javadoc'
LIBOBJS=''
LIBS=''
LTLIBOBJS=''
PACKAGE_BUGREPORT='Antonio Carzaniga (firstname.lastname@usi.ch)'
PACKAGE_NAME='siena'
PACKAGE_STRING='siena 2.0.4'
PACKAGE_TARNAME='siena'
PACKAGE_URL=''
PACKAGE_VERSION='2.0.4'
PATH_SEPARATOR=':'
SET_MAKE=''
SHELL='/bin/bash'
bindir='${exec_prefix}/bin'
build_alias=''
datadir='${datarootdir}'
datarootdir='${prefix}/share'
docdir='${datarootdir}/doc/${PACKAGE_TARNAME}'
dvidir='${docdir}'
exec_prefix='${prefix}'
host_alias=''
htmldir='${docdir}'
includedir='${prefix}/include'
infodir='${datarootdir}/info'
libdir='${exec_prefix}/lib'
libexecdir='${exec_prefix}/libexec'
localedir='${datarootdir}/locale'
localstatedir='${prefix}/var'
mandir='${datarootdir}/man'
oldincludedir='/usr/include'
pdfdir='${docdir}'
prefix='/opt'
program_transform_name='s,x,x,'
psdir='${docdir}'
sbindir='${exec_prefix}/sbin'
sharedstatedir='${prefix}/com'
sysconfdir='${prefix}/etc'
target_alias=''

## ----------- ##
## confdefs.h. ##
## ----------- ##

/* confdefs.h */
#define PACKAGE_NAME "siena"
#define PACKAGE_TARNAME "siena"
#define PACKAGE_VERSION "2.0.4"
#define PACKAGE_STRING "siena 2.0.4"
#define PACKAGE_BUGREPORT "Antonio Carzaniga (firstname.lastname@usi.ch)"
#define PACKAGE_URL ""

configure: exit 0
